<?xml version="1.0" encoding="UTF-8"?>
<!-- Generated by org.testng.reporters.JUnitReportReporter -->
<testsuite hostname="Hemanth-Mohan" failures="0" tests="1" name="hemanth.ExtentReports.ExtentReportsDemo" time="7.685" errors="0" timestamp="2024-09-04T20:21:29 IST" skipped="0">
  <testcase classname="hemanth.ExtentReports.ExtentReportsDemo" name="initialDemo" time="7.685"/>
</testsuite> <!-- hemanth.ExtentReports.ExtentReportsDemo -->
